Using pre-set license
Built from '2020.3/staging' branch; Version is '2020.3.11f1 (99c7afb366b3) revision 10078127'; Using compiler version '192528614'; Build Type 'Release'
OS: 'Windows 10 Pro; OS build 17134.648; Version 1803; 64bit' Language: 'en' Physical Memory: 8139 MB
BatchMode: 1, IsHumanControllingUs: 0, StartBugReporterOnCrash: 0, Is64bit: 1, IsPro: 0

 COMMAND LINE ARGUMENTS:
C:\Program Files\Unity\Hub\Editor\2020.3.11f1\Editor\Unity.exe
-adb2
-batchMode
-noUpm
-name
AssetImportWorker2
-projectPath
D:/3D + game development/game development/Unity Projects/Space Shooter/Space-Shooter/Space Shooter
-logFile
Logs/AssetImportWorker2.log
-srvPort
49424
Successfully changed project path to: D:/3D + game development/game development/Unity Projects/Space Shooter/Space-Shooter/Space Shooter
D:/3D + game development/game development/Unity Projects/Space Shooter/Space-Shooter/Space Shooter
Using Asset Import Pipeline V2.
Refreshing native plugins compatible for Editor in 185.61 ms, found 3 plugins.
Preloading 0 native plugins for Editor in 0.00 ms.
Initialize engine version: 2020.3.11f1 (99c7afb366b3)
[Subsystems] Discovering subsystems at path C:/Program Files/Unity/Hub/Editor/2020.3.11f1/Editor/Data/Resources/UnitySubsystems
[Subsystems] Discovering subsystems at path D:/3D + game development/game development/Unity Projects/Space Shooter/Space-Shooter/Space Shooter/Assets
GfxDevice: creating device client; threaded=0
Direct3D:
    Version:  Direct3D 11.0 [level 10.1]
    Renderer: Intel(R) HD Graphics 3000 (ID=0x116)
    Vendor:   
    VRAM:     128 MB
    Driver:   9.17.10.4229
Initialize mono
Mono path[0] = 'C:/Program Files/Unity/Hub/Editor/2020.3.11f1/Editor/Data/Managed'
Mono path[1] = 'C:/Program Files/Unity/Hub/Editor/2020.3.11f1/Editor/Data/MonoBleedingEdge/lib/mono/unityjit'
Mono config path = 'C:/Program Files/Unity/Hub/Editor/2020.3.11f1/Editor/Data/MonoBleedingEdge/etc'
Using monoOptions --debugger-agent=transport=dt_socket,embedding=1,server=y,suspend=n,address=127.0.0.1:56412
Begin MonoManager ReloadAssembly
Registering precompiled unity dll's ...
Register platform support module: C:/Program Files/Unity/Hub/Editor/2020.3.11f1/Editor/Data/PlaybackEngines/WebGLSupport/UnityEditor.WebGL.Extensions.dll
Register platform support module: C:/Program Files/Unity/Hub/Editor/2020.3.11f1/Editor/Data/PlaybackEngines/WindowsStandaloneSupport/UnityEditor.WindowsStandalone.Extensions.dll
Registered in 0.003602 seconds.
Native extension for WindowsStandalone target not found
Native extension for WebGL target not found
Refreshing native plugins compatible for Editor in 145.06 ms, found 3 plugins.
Preloading 0 native plugins for Editor in 0.00 ms.
Mono: successfully reloaded assembly
- Completed reload, in  5.899 seconds
Platform modules already initialized, skipping
Registering precompiled user dll's ...
Registered in 0.006580 seconds.
Begin MonoManager ReloadAssembly
Native extension for WindowsStandalone target not found
Native extension for WebGL target not found
Refreshing native plugins compatible for Editor in 151.58 ms, found 3 plugins.
Preloading 0 native plugins for Editor in 0.00 ms.
Mono: successfully reloaded assembly
- Completed reload, in  3.261 seconds
Platform modules already initialized, skipping
========================================================================
Worker process is ready to serve import requests
Launched and connected shader compiler UnityShaderCompiler.exe after 0.07 seconds
Refreshing native plugins compatible for Editor in 1.20 ms, found 3 plugins.
Preloading 0 native plugins for Editor in 0.00 ms.
Unloading 2089 Unused Serialized files (Serialized files now loaded: 0)
System memory in use before: 94.5 MB.
System memory in use after: 94.4 MB.

Unloading 33 unused Assets to reduce memory usage. Loaded Objects now: 2524.
Total: 20.370817 ms (FindLiveObjects: 0.468541 ms CreateObjectMapping: 1.095493 ms MarkObjects: 17.423025 ms  DeleteObjects: 1.378849 ms)

========================================================================
Received Import Request.
  path: Assets/Scripts/Player.cs
  artifactKey: Guid(10c66c36eca15ba4e807d88cebdc372c) Importer(815301076,1909f56bfc062723c751e8b465ee728b)
Start importing Assets/Scripts/Player.cs using Guid(10c66c36eca15ba4e807d88cebdc372c) Importer(815301076,1909f56bfc062723c751e8b465ee728b)  -> (artifact id: '67091023cb48116d85708f6632f10021') in 0.135851 seconds
  Import took 0.150912 seconds .

========================================================================
Received Prepare
Refreshing native plugins compatible for Editor in 6.16 ms, found 3 plugins.
Preloading 0 native plugins for Editor in 0.00 ms.
Unloading 19 Unused Serialized files (Serialized files now loaded: 0)
System memory in use before: 52.6 MB.
System memory in use after: 52.6 MB.

Unloading 19 unused Assets to reduce memory usage. Loaded Objects now: 2524.
Total: 4.037483 ms (FindLiveObjects: 0.238286 ms CreateObjectMapping: 0.091031 ms MarkObjects: 3.538599 ms  DeleteObjects: 0.166890 ms)

========================================================================
Received Import Request.
  Time since last request: 264.384397 seconds.
  path: Assets/Scripts/Player.cs
  artifactKey: Guid(10c66c36eca15ba4e807d88cebdc372c) Importer(815301076,1909f56bfc062723c751e8b465ee728b)
Start importing Assets/Scripts/Player.cs using Guid(10c66c36eca15ba4e807d88cebdc372c) Importer(815301076,1909f56bfc062723c751e8b465ee728b)  -> (artifact id: '56f4f0578c0999a28aea3a65745ec321') in 0.004722 seconds
  Import took 0.012053 seconds .

========================================================================
Received Prepare
Registering precompiled user dll's ...
Registered in 0.011566 seconds.
Begin MonoManager ReloadAssembly
Native extension for WindowsStandalone target not found
Native extension for WebGL target not found
Refreshing native plugins compatible for Editor in 0.81 ms, found 3 plugins.
Preloading 0 native plugins for Editor in 0.00 ms.
Mono: successfully reloaded assembly
- Completed reload, in  2.104 seconds
Platform modules already initialized, skipping
Refreshing native plugins compatible for Editor in 0.82 ms, found 3 plugins.
Preloading 0 native plugins for Editor in 0.00 ms.
Unloading 2083 Unused Serialized files (Serialized files now loaded: 0)
System memory in use before: 94.3 MB.
System memory in use after: 94.3 MB.

Unloading 21 unused Assets to reduce memory usage. Loaded Objects now: 2528.
Total: 3.474788 ms (FindLiveObjects: 0.295850 ms CreateObjectMapping: 0.108880 ms MarkObjects: 2.878626 ms  DeleteObjects: 0.189201 ms)

========================================================================
Received Prepare
Registering precompiled user dll's ...
Registered in 0.005017 seconds.
Begin MonoManager ReloadAssembly
Native extension for WindowsStandalone target not found
Native extension for WebGL target not found
Refreshing native plugins compatible for Editor in 0.97 ms, found 3 plugins.
Preloading 0 native plugins for Editor in 0.00 ms.
Mono: successfully reloaded assembly
- Completed reload, in  1.753 seconds
Platform modules already initialized, skipping
Refreshing native plugins compatible for Editor in 0.79 ms, found 3 plugins.
Preloading 0 native plugins for Editor in 0.00 ms.
Unloading 2083 Unused Serialized files (Serialized files now loaded: 0)
System memory in use before: 94.4 MB.
System memory in use after: 94.4 MB.

Unloading 21 unused Assets to reduce memory usage. Loaded Objects now: 2532.
Total: 3.590808 ms (FindLiveObjects: 0.251227 ms CreateObjectMapping: 0.100402 ms MarkObjects: 3.059349 ms  DeleteObjects: 0.177599 ms)

========================================================================
Received Prepare
Registering precompiled user dll's ...
Registered in 0.007487 seconds.
Begin MonoManager ReloadAssembly
Native extension for WindowsStandalone target not found
Native extension for WebGL target not found
Refreshing native plugins compatible for Editor in 0.89 ms, found 3 plugins.
Preloading 0 native plugins for Editor in 0.00 ms.
Mono: successfully reloaded assembly
- Completed reload, in  2.054 seconds
Platform modules already initialized, skipping
Refreshing native plugins compatible for Editor in 0.82 ms, found 3 plugins.
Preloading 0 native plugins for Editor in 0.00 ms.
Unloading 2083 Unused Serialized files (Serialized files now loaded: 0)
System memory in use before: 94.5 MB.
System memory in use after: 94.5 MB.

Unloading 21 unused Assets to reduce memory usage. Loaded Objects now: 2536.
Total: 3.872378 ms (FindLiveObjects: 0.305667 ms CreateObjectMapping: 0.095493 ms MarkObjects: 3.294511 ms  DeleteObjects: 0.175368 ms)

========================================================================
Received Prepare
Registering precompiled user dll's ...
Registered in 0.021135 seconds.
Begin MonoManager ReloadAssembly
Native extension for WindowsStandalone target not found
Native extension for WebGL target not found
Refreshing native plugins compatible for Editor in 0.82 ms, found 3 plugins.
Preloading 0 native plugins for Editor in 0.00 ms.
Mono: successfully reloaded assembly
- Completed reload, in  1.936 seconds
Platform modules already initialized, skipping
Refreshing native plugins compatible for Editor in 0.89 ms, found 3 plugins.
Preloading 0 native plugins for Editor in 0.00 ms.
Unloading 2083 Unused Serialized files (Serialized files now loaded: 0)
System memory in use before: 94.5 MB.
System memory in use after: 94.5 MB.

Unloading 21 unused Assets to reduce memory usage. Loaded Objects now: 2540.
Total: 3.702365 ms (FindLiveObjects: 0.249442 ms CreateObjectMapping: 0.098617 ms MarkObjects: 3.175814 ms  DeleteObjects: 0.176707 ms)

========================================================================
Received Import Request.
  Time since last request: 420.090166 seconds.
  path: Assets/Scripts/Player.cs
  artifactKey: Guid(10c66c36eca15ba4e807d88cebdc372c) Importer(815301076,1909f56bfc062723c751e8b465ee728b)
Start importing Assets/Scripts/Player.cs using Guid(10c66c36eca15ba4e807d88cebdc372c) Importer(815301076,1909f56bfc062723c751e8b465ee728b)  -> (artifact id: '4acdcdfdcc306917f5f2f89e03fc98a0') in 0.009894 seconds
  Import took 0.014900 seconds .

========================================================================
Received Prepare
Registering precompiled user dll's ...
Registered in 0.005529 seconds.
Begin MonoManager ReloadAssembly
Native extension for WindowsStandalone target not found
Native extension for WebGL target not found
Refreshing native plugins compatible for Editor in 0.85 ms, found 3 plugins.
Preloading 0 native plugins for Editor in 0.00 ms.
Mono: successfully reloaded assembly
- Completed reload, in  1.907 seconds
Platform modules already initialized, skipping
Refreshing native plugins compatible for Editor in 0.86 ms, found 3 plugins.
Preloading 0 native plugins for Editor in 0.00 ms.
Unloading 2083 Unused Serialized files (Serialized files now loaded: 0)
System memory in use before: 94.5 MB.
System memory in use after: 94.5 MB.

Unloading 21 unused Assets to reduce memory usage. Loaded Objects now: 2544.
Total: 3.475234 ms (FindLiveObjects: 0.249442 ms CreateObjectMapping: 0.099955 ms MarkObjects: 2.924141 ms  DeleteObjects: 0.199465 ms)

========================================================================
Received Prepare
Registering precompiled user dll's ...
Registered in 0.005278 seconds.
Begin MonoManager ReloadAssembly
Native extension for WindowsStandalone target not found
Native extension for WebGL target not found
Refreshing native plugins compatible for Editor in 0.88 ms, found 3 plugins.
Preloading 0 native plugins for Editor in 0.00 ms.
Mono: successfully reloaded assembly
- Completed reload, in  1.924 seconds
Platform modules already initialized, skipping
Refreshing native plugins compatible for Editor in 0.83 ms, found 3 plugins.
Preloading 0 native plugins for Editor in 0.00 ms.
Unloading 2083 Unused Serialized files (Serialized files now loaded: 0)
System memory in use before: 94.5 MB.
System memory in use after: 94.5 MB.

Unloading 21 unused Assets to reduce memory usage. Loaded Objects now: 2548.
Total: 3.659081 ms (FindLiveObjects: 0.253012 ms CreateObjectMapping: 0.102187 ms MarkObjects: 3.122713 ms  DeleteObjects: 0.179384 ms)

========================================================================
Received Import Request.
  Time since last request: 2685.034938 seconds.
  path: Assets/Scripts/Player.cs
  artifactKey: Guid(10c66c36eca15ba4e807d88cebdc372c) Importer(815301076,1909f56bfc062723c751e8b465ee728b)
Start importing Assets/Scripts/Player.cs using Guid(10c66c36eca15ba4e807d88cebdc372c) Importer(815301076,1909f56bfc062723c751e8b465ee728b)  -> (artifact id: 'cf1f8f5a2035d824691bb906478dadf8') in 0.016479 seconds
  Import took 0.022322 seconds .

========================================================================
Received Prepare
Registering precompiled user dll's ...
Registered in 0.005270 seconds.
Begin MonoManager ReloadAssembly
Native extension for WindowsStandalone target not found
Native extension for WebGL target not found
Refreshing native plugins compatible for Editor in 0.83 ms, found 3 plugins.
Preloading 0 native plugins for Editor in 0.00 ms.
Mono: successfully reloaded assembly
- Completed reload, in  1.943 seconds
Platform modules already initialized, skipping
Refreshing native plugins compatible for Editor in 0.84 ms, found 3 plugins.
Preloading 0 native plugins for Editor in 0.00 ms.
Unloading 2083 Unused Serialized files (Serialized files now loaded: 0)
System memory in use before: 94.5 MB.
System memory in use after: 94.5 MB.

Unloading 21 unused Assets to reduce memory usage. Loaded Objects now: 2552.
Total: 3.632307 ms (FindLiveObjects: 0.248996 ms CreateObjectMapping: 0.103971 ms MarkObjects: 3.095939 ms  DeleteObjects: 0.180723 ms)

========================================================================
Received Prepare
Registering precompiled user dll's ...
Registered in 0.005195 seconds.
Begin MonoManager ReloadAssembly
Native extension for WindowsStandalone target not found
Native extension for WebGL target not found
Refreshing native plugins compatible for Editor in 0.82 ms, found 3 plugins.
Preloading 0 native plugins for Editor in 0.00 ms.
Mono: successfully reloaded assembly
- Completed reload, in  1.651 seconds
Platform modules already initialized, skipping
Refreshing native plugins compatible for Editor in 0.89 ms, found 3 plugins.
Preloading 0 native plugins for Editor in 0.00 ms.
Unloading 2083 Unused Serialized files (Serialized files now loaded: 0)
System memory in use before: 94.5 MB.
System memory in use after: 94.5 MB.

Unloading 21 unused Assets to reduce memory usage. Loaded Objects now: 2556.
Total: 3.585899 ms (FindLiveObjects: 0.263722 ms CreateObjectMapping: 0.095047 ms MarkObjects: 3.052655 ms  DeleteObjects: 0.171798 ms)

========================================================================
Received Import Request.
  Time since last request: 4376.309161 seconds.
  path: Assets/Game Assets/Sprites/Player_Turn_Left/Player Turn Left0008.png
  artifactKey: Guid(f3346fe3e2c9e4527a394f1e99d25f1f) Importer(815301076,1909f56bfc062723c751e8b465ee728b)
Start importing Assets/Game Assets/Sprites/Player_Turn_Left/Player Turn Left0008.png using Guid(f3346fe3e2c9e4527a394f1e99d25f1f) Importer(815301076,1909f56bfc062723c751e8b465ee728b)  -> (artifact id: '40c8702ecd544dc7bc4dffc874311b12') in 0.206575 seconds
  Import took 0.212951 seconds .

========================================================================
Received Import Request.
  Time since last request: 31.674170 seconds.
  path: Assets/Animation/player Turn Left.anim
  artifactKey: Guid(ae8edd1a80d835f48a5276dce60d0d82) Importer(815301076,1909f56bfc062723c751e8b465ee728b)
Start importing Assets/Animation/player Turn Left.anim using Guid(ae8edd1a80d835f48a5276dce60d0d82) Importer(815301076,1909f56bfc062723c751e8b465ee728b)  -> (artifact id: '8799d42c4b0bc086f16de25649dfcc12') in 0.018581 seconds
  Import took 0.024548 seconds .

========================================================================
Received Import Request.
  Time since last request: 0.003310 seconds.
  path: Assets/Animation/player Turn Left.anim
  artifactKey: Guid(ae8edd1a80d835f48a5276dce60d0d82) Importer(815301076,1909f56bfc062723c751e8b465ee728b)
Start importing Assets/Animation/player Turn Left.anim using Guid(ae8edd1a80d835f48a5276dce60d0d82) Importer(815301076,1909f56bfc062723c751e8b465ee728b)  -> (artifact id: '8799d42c4b0bc086f16de25649dfcc12') in 0.008247 seconds
  Import took 0.015474 seconds .

========================================================================
Received Import Request.
  Time since last request: 125.428958 seconds.
  path: Assets/Animation/Player.controller
  artifactKey: Guid(b672c983c3cc45845ae5145377bad191) Importer(815301076,1909f56bfc062723c751e8b465ee728b)
Start importing Assets/Animation/Player.controller using Guid(b672c983c3cc45845ae5145377bad191) Importer(815301076,1909f56bfc062723c751e8b465ee728b)  -> (artifact id: '58d20cbb0ba73fa47a1e0c386c66f88f') in 0.011052 seconds
  Import took 0.018657 seconds .

========================================================================
Received Import Request.
  Time since last request: 0.001095 seconds.
  path: Assets/Animation/Player.controller
  artifactKey: Guid(b672c983c3cc45845ae5145377bad191) Importer(815301076,1909f56bfc062723c751e8b465ee728b)
Start importing Assets/Animation/Player.controller using Guid(b672c983c3cc45845ae5145377bad191) Importer(815301076,1909f56bfc062723c751e8b465ee728b)  -> (artifact id: '58d20cbb0ba73fa47a1e0c386c66f88f') in 0.008653 seconds
  Import took 0.014946 seconds .

========================================================================
Received Prepare
Registering precompiled user dll's ...
Registered in 0.005345 seconds.
Begin MonoManager ReloadAssembly
Native extension for WindowsStandalone target not found
Native extension for WebGL target not found
Refreshing native plugins compatible for Editor in 0.84 ms, found 3 plugins.
Preloading 0 native plugins for Editor in 0.00 ms.
Mono: successfully reloaded assembly
- Completed reload, in  1.677 seconds
Platform modules already initialized, skipping
Refreshing native plugins compatible for Editor in 0.82 ms, found 3 plugins.
Preloading 0 native plugins for Editor in 0.00 ms.
Unloading 2083 Unused Serialized files (Serialized files now loaded: 0)
System memory in use before: 97.5 MB.
System memory in use after: 97.5 MB.

Unloading 21 unused Assets to reduce memory usage. Loaded Objects now: 2566.
Total: 3.502454 ms (FindLiveObjects: 0.253458 ms CreateObjectMapping: 0.102187 ms MarkObjects: 2.978581 ms  DeleteObjects: 0.165551 ms)

========================================================================
Received Import Request.
  Time since last request: 22.343309 seconds.
  path: Assets/Game Assets/Sprites/Player_Turn_Right/Player Turn Right0000.png
  artifactKey: Guid(1d5981962683d455ba1857f592a65b02) Importer(815301076,1909f56bfc062723c751e8b465ee728b)
Start importing Assets/Game Assets/Sprites/Player_Turn_Right/Player Turn Right0000.png using Guid(1d5981962683d455ba1857f592a65b02) Importer(815301076,1909f56bfc062723c751e8b465ee728b)  -> (artifact id: 'fabf972eb6665cab3e5a926ecf3a5ef5') in 0.117270 seconds
  Import took 0.147395 seconds .

========================================================================
Received Import Request.
  Time since last request: 0.716211 seconds.
  path: Assets/Game Assets/Sprites/Player_Turn_Right/Player Turn Right0008.png
  artifactKey: Guid(c83085279e66140008ba22ca901f4c4b) Importer(815301076,1909f56bfc062723c751e8b465ee728b)
Start importing Assets/Game Assets/Sprites/Player_Turn_Right/Player Turn Right0008.png using Guid(c83085279e66140008ba22ca901f4c4b) Importer(815301076,1909f56bfc062723c751e8b465ee728b)  -> (artifact id: 'c6087492a6c2c6d6998887d00d1e3dd4') in 0.063415 seconds
  Import took 0.070367 seconds .

========================================================================
Received Import Request.
  Time since last request: 1.283322 seconds.
  path: Assets/Game Assets/Sprites/Player_Turn_Right/Player Turn Right0004.png
  artifactKey: Guid(c17202ebaabb9488a968b16bdf23eeae) Importer(815301076,1909f56bfc062723c751e8b465ee728b)
Start importing Assets/Game Assets/Sprites/Player_Turn_Right/Player Turn Right0004.png using Guid(c17202ebaabb9488a968b16bdf23eeae) Importer(815301076,1909f56bfc062723c751e8b465ee728b)  -> (artifact id: '4e3fa76c8f37eadef90be6557de124de') in 0.046335 seconds
  Import took 0.071985 seconds .

========================================================================
Received Import Request.
  Time since last request: 89.518435 seconds.
  path: Assets/Scripts/PlayerAnim.cs
  artifactKey: Guid(629e2993299cebe4c994b330d3cfe252) Importer(815301076,1909f56bfc062723c751e8b465ee728b)
Start importing Assets/Scripts/PlayerAnim.cs using Guid(629e2993299cebe4c994b330d3cfe252) Importer(815301076,1909f56bfc062723c751e8b465ee728b)  -> (artifact id: 'e30034a72c151df711d0d5118abbb9e6') in 0.024610 seconds
  Import took 0.032305 seconds .

========================================================================
Received Prepare
Registering precompiled user dll's ...
Registered in 0.008418 seconds.
Begin MonoManager ReloadAssembly
Native extension for WindowsStandalone target not found
Native extension for WebGL target not found
Refreshing native plugins compatible for Editor in 1.15 ms, found 3 plugins.
Preloading 0 native plugins for Editor in 0.00 ms.
Mono: successfully reloaded assembly
- Completed reload, in  2.478 seconds
Platform modules already initialized, skipping
Refreshing native plugins compatible for Editor in 0.85 ms, found 3 plugins.
Preloading 0 native plugins for Editor in 0.00 ms.
Unloading 2084 Unused Serialized files (Serialized files now loaded: 0)
System memory in use before: 97.5 MB.
System memory in use after: 97.5 MB.

Unloading 21 unused Assets to reduce memory usage. Loaded Objects now: 2572.
Total: 3.605087 ms (FindLiveObjects: 0.253905 ms CreateObjectMapping: 0.103525 ms MarkObjects: 2.987506 ms  DeleteObjects: 0.257921 ms)

========================================================================
Received Prepare
Registering precompiled user dll's ...
Registered in 0.008656 seconds.
Begin MonoManager ReloadAssembly
Native extension for WindowsStandalone target not found
Native extension for WebGL target not found
Refreshing native plugins compatible for Editor in 0.81 ms, found 3 plugins.
Preloading 0 native plugins for Editor in 0.00 ms.
Mono: successfully reloaded assembly
- Completed reload, in  1.898 seconds
Platform modules already initialized, skipping
Refreshing native plugins compatible for Editor in 0.80 ms, found 3 plugins.
Preloading 0 native plugins for Editor in 0.00 ms.
Unloading 2084 Unused Serialized files (Serialized files now loaded: 0)
System memory in use before: 97.5 MB.
System memory in use after: 97.5 MB.

Unloading 21 unused Assets to reduce memory usage. Loaded Objects now: 2576.
Total: 3.502454 ms (FindLiveObjects: 0.302544 ms CreateObjectMapping: 0.119143 ms MarkObjects: 2.908077 ms  DeleteObjects: 0.170460 ms)

========================================================================
Received Prepare
Registering precompiled user dll's ...
Registered in 0.008823 seconds.
Begin MonoManager ReloadAssembly
Native extension for WindowsStandalone target not found
Native extension for WebGL target not found
Refreshing native plugins compatible for Editor in 0.87 ms, found 3 plugins.
Preloading 0 native plugins for Editor in 0.00 ms.
Mono: successfully reloaded assembly
- Completed reload, in  2.052 seconds
Platform modules already initialized, skipping
Refreshing native plugins compatible for Editor in 0.83 ms, found 3 plugins.
Preloading 0 native plugins for Editor in 0.00 ms.
Unloading 2084 Unused Serialized files (Serialized files now loaded: 0)
System memory in use before: 97.5 MB.
System memory in use after: 97.5 MB.

Unloading 21 unused Assets to reduce memory usage. Loaded Objects now: 2580.
Total: 3.689424 ms (FindLiveObjects: 0.248996 ms CreateObjectMapping: 0.106203 ms MarkObjects: 3.156180 ms  DeleteObjects: 0.175814 ms)

========================================================================
Received Import Request.
  Time since last request: 319.503657 seconds.
  path: Assets/Scripts/PlayerAnim.cs
  artifactKey: Guid(629e2993299cebe4c994b330d3cfe252) Importer(815301076,1909f56bfc062723c751e8b465ee728b)
Start importing Assets/Scripts/PlayerAnim.cs using Guid(629e2993299cebe4c994b330d3cfe252) Importer(815301076,1909f56bfc062723c751e8b465ee728b)  -> (artifact id: 'a3c2b0c1675194b0321456030020060e') in 0.008548 seconds
  Import took 0.013249 seconds .

========================================================================
Received Prepare
Registering precompiled user dll's ...
Registered in 0.008394 seconds.
Begin MonoManager ReloadAssembly
Native extension for WindowsStandalone target not found
Native extension for WebGL target not found
Refreshing native plugins compatible for Editor in 0.89 ms, found 3 plugins.
Preloading 0 native plugins for Editor in 0.00 ms.
Mono: successfully reloaded assembly
- Completed reload, in  1.815 seconds
Platform modules already initialized, skipping
Refreshing native plugins compatible for Editor in 0.94 ms, found 3 plugins.
Preloading 0 native plugins for Editor in 0.00 ms.
Unloading 2084 Unused Serialized files (Serialized files now loaded: 0)
System memory in use before: 97.5 MB.
System memory in use after: 97.5 MB.

Unloading 21 unused Assets to reduce memory usage. Loaded Objects now: 2584.
Total: 4.551093 ms (FindLiveObjects: 0.271307 ms CreateObjectMapping: 0.111557 ms MarkObjects: 3.968318 ms  DeleteObjects: 0.197233 ms)

========================================================================
Received Prepare
Registering precompiled user dll's ...
Registered in 0.015839 seconds.
Begin MonoManager ReloadAssembly
Native extension for WindowsStandalone target not found
Native extension for WebGL target not found
Refreshing native plugins compatible for Editor in 1.32 ms, found 3 plugins.
Preloading 0 native plugins for Editor in 0.00 ms.
Mono: successfully reloaded assembly
- Completed reload, in  2.491 seconds
Platform modules already initialized, skipping
Refreshing native plugins compatible for Editor in 1.32 ms, found 3 plugins.
Preloading 0 native plugins for Editor in 0.00 ms.
Unloading 2084 Unused Serialized files (Serialized files now loaded: 0)
System memory in use before: 97.6 MB.
System memory in use after: 97.5 MB.

Unloading 21 unused Assets to reduce memory usage. Loaded Objects now: 2588.
Total: 4.193217 ms (FindLiveObjects: 0.269076 ms CreateObjectMapping: 0.124944 ms MarkObjects: 3.601963 ms  DeleteObjects: 0.194556 ms)

========================================================================
Received Prepare
Registering precompiled user dll's ...
Registered in 0.005683 seconds.
Begin MonoManager ReloadAssembly
Native extension for WindowsStandalone target not found
Native extension for WebGL target not found
Refreshing native plugins compatible for Editor in 0.92 ms, found 3 plugins.
Preloading 0 native plugins for Editor in 0.00 ms.
Mono: successfully reloaded assembly
- Completed reload, in  2.463 seconds
Platform modules already initialized, skipping
Refreshing native plugins compatible for Editor in 0.92 ms, found 3 plugins.
Preloading 0 native plugins for Editor in 0.00 ms.
Unloading 2084 Unused Serialized files (Serialized files now loaded: 0)
System memory in use before: 97.6 MB.
System memory in use after: 97.5 MB.

Unloading 21 unused Assets to reduce memory usage. Loaded Objects now: 2592.
Total: 4.268630 ms (FindLiveObjects: 0.269523 ms CreateObjectMapping: 0.114235 ms MarkObjects: 3.695225 ms  DeleteObjects: 0.186970 ms)

========================================================================
Received Prepare
Registering precompiled user dll's ...
Registered in 0.010616 seconds.
Begin MonoManager ReloadAssembly
Native extension for WindowsStandalone target not found
Native extension for WebGL target not found
Refreshing native plugins compatible for Editor in 0.84 ms, found 3 plugins.
Preloading 0 native plugins for Editor in 0.00 ms.
Mono: successfully reloaded assembly
- Completed reload, in  1.964 seconds
Platform modules already initialized, skipping
Refreshing native plugins compatible for Editor in 3.16 ms, found 3 plugins.
Preloading 0 native plugins for Editor in 0.00 ms.
Unloading 2084 Unused Serialized files (Serialized files now loaded: 0)
System memory in use before: 97.6 MB.
System memory in use after: 97.6 MB.

Unloading 21 unused Assets to reduce memory usage. Loaded Objects now: 2596.
Total: 5.372602 ms (FindLiveObjects: 0.252566 ms CreateObjectMapping: 0.100402 ms MarkObjects: 4.779563 ms  DeleteObjects: 0.236948 ms)

========================================================================
Received Prepare
Registering precompiled user dll's ...
Registered in 0.007899 seconds.
Begin MonoManager ReloadAssembly
Native extension for WindowsStandalone target not found
Native extension for WebGL target not found
Refreshing native plugins compatible for Editor in 0.86 ms, found 3 plugins.
Preloading 0 native plugins for Editor in 0.00 ms.
Mono: successfully reloaded assembly
- Completed reload, in  1.978 seconds
Platform modules already initialized, skipping
Refreshing native plugins compatible for Editor in 1.17 ms, found 3 plugins.
Preloading 0 native plugins for Editor in 0.00 ms.
Unloading 2084 Unused Serialized files (Serialized files now loaded: 0)
System memory in use before: 97.6 MB.
System memory in use after: 97.6 MB.

Unloading 21 unused Assets to reduce memory usage. Loaded Objects now: 2600.
Total: 3.792057 ms (FindLiveObjects: 0.276216 ms CreateObjectMapping: 0.093708 ms MarkObjects: 3.238286 ms  DeleteObjects: 0.182508 ms)

========================================================================
Received Prepare
Registering precompiled user dll's ...
Registered in 0.012374 seconds.
Begin MonoManager ReloadAssembly
Native extension for WindowsStandalone target not found
Native extension for WebGL target not found
Refreshing native plugins compatible for Editor in 0.91 ms, found 3 plugins.
Preloading 0 native plugins for Editor in 0.00 ms.
Mono: successfully reloaded assembly
- Completed reload, in  2.342 seconds
Platform modules already initialized, skipping
Refreshing native plugins compatible for Editor in 0.91 ms, found 3 plugins.
Preloading 0 native plugins for Editor in 0.00 ms.
Unloading 2084 Unused Serialized files (Serialized files now loaded: 0)
System memory in use before: 97.6 MB.
System memory in use after: 97.6 MB.

Unloading 21 unused Assets to reduce memory usage. Loaded Objects now: 2604.
Total: 4.162874 ms (FindLiveObjects: 0.282909 ms CreateObjectMapping: 0.120036 ms MarkObjects: 3.561357 ms  DeleteObjects: 0.195448 ms)

========================================================================
Received Import Request.
  Time since last request: 853.325217 seconds.
  path: Assets/Prefabs/Player.prefab
  artifactKey: Guid(ea809aba66d9f0f49b9a10ac9cfc68fb) Importer(815301076,1909f56bfc062723c751e8b465ee728b)
Start importing Assets/Prefabs/Player.prefab using Guid(ea809aba66d9f0f49b9a10ac9cfc68fb) Importer(815301076,1909f56bfc062723c751e8b465ee728b)  -> (artifact id: '815890d3780e4b7171bf040c595ff456') in 0.215830 seconds
  Import took 0.225873 seconds .

========================================================================
Received Prepare
Registering precompiled user dll's ...
Registered in 0.008464 seconds.
Begin MonoManager ReloadAssembly
Native extension for WindowsStandalone target not found
Native extension for WebGL target not found
Refreshing native plugins compatible for Editor in 0.82 ms, found 3 plugins.
Preloading 0 native plugins for Editor in 0.00 ms.
Mono: successfully reloaded assembly
- Completed reload, in  1.802 seconds
Platform modules already initialized, skipping
Refreshing native plugins compatible for Editor in 0.83 ms, found 3 plugins.
Preloading 0 native plugins for Editor in 0.00 ms.
Unloading 2084 Unused Serialized files (Serialized files now loaded: 0)
System memory in use before: 97.7 MB.
System memory in use after: 97.6 MB.

Unloading 21 unused Assets to reduce memory usage. Loaded Objects now: 2612.
Total: 3.676484 ms (FindLiveObjects: 0.263275 ms CreateObjectMapping: 0.109326 ms MarkObjects: 3.132530 ms  DeleteObjects: 0.169121 ms)

========================================================================
Received Prepare
Registering precompiled user dll's ...
Registered in 0.012587 seconds.
Begin MonoManager ReloadAssembly
Native extension for WindowsStandalone target not found
Native extension for WebGL target not found
Refreshing native plugins compatible for Editor in 0.86 ms, found 3 plugins.
Preloading 0 native plugins for Editor in 0.00 ms.
Mono: successfully reloaded assembly
- Completed reload, in  2.051 seconds
Platform modules already initialized, skipping
Refreshing native plugins compatible for Editor in 1.39 ms, found 3 plugins.
Preloading 0 native plugins for Editor in 0.00 ms.
Unloading 2084 Unused Serialized files (Serialized files now loaded: 0)
System memory in use before: 97.7 MB.
System memory in use after: 97.7 MB.

Unloading 21 unused Assets to reduce memory usage. Loaded Objects now: 2616.
Total: 4.341365 ms (FindLiveObjects: 0.272200 ms CreateObjectMapping: 0.121821 ms MarkObjects: 3.753235 ms  DeleteObjects: 0.191432 ms)

========================================================================
Received Prepare
Registering precompiled user dll's ...
Registered in 0.006051 seconds.
Begin MonoManager ReloadAssembly
Native extension for WindowsStandalone target not found
Native extension for WebGL target not found
Refreshing native plugins compatible for Editor in 0.91 ms, found 3 plugins.
Preloading 0 native plugins for Editor in 0.00 ms.
Mono: successfully reloaded assembly
- Completed reload, in  2.348 seconds
Platform modules already initialized, skipping
Refreshing native plugins compatible for Editor in 1.12 ms, found 3 plugins.
Preloading 0 native plugins for Editor in 0.00 ms.
Unloading 2084 Unused Serialized files (Serialized files now loaded: 0)
System memory in use before: 97.7 MB.
System memory in use after: 97.7 MB.

Unloading 21 unused Assets to reduce memory usage. Loaded Objects now: 2620.
Total: 4.045515 ms (FindLiveObjects: 0.280678 ms CreateObjectMapping: 0.115127 ms MarkObjects: 3.446676 ms  DeleteObjects: 0.199911 ms)

========================================================================
Received Import Request.
  Time since last request: 154.863734 seconds.
  path: Assets/Prefabs/Triple Laser.prefab
  artifactKey: Guid(2c2f8455fd75cd8469a3bdd2f1f93b47) Importer(815301076,1909f56bfc062723c751e8b465ee728b)
Start importing Assets/Prefabs/Triple Laser.prefab using Guid(2c2f8455fd75cd8469a3bdd2f1f93b47) Importer(815301076,1909f56bfc062723c751e8b465ee728b)  -> (artifact id: 'abdfe9a73883b961e31b1d7328ba2b1c') in 0.487257 seconds
  Import took 0.498526 seconds .

========================================================================
Received Prepare
Registering precompiled user dll's ...
Registered in 0.005624 seconds.
Begin MonoManager ReloadAssembly
Native extension for WindowsStandalone target not found
Native extension for WebGL target not found
Refreshing native plugins compatible for Editor in 0.87 ms, found 3 plugins.
Preloading 0 native plugins for Editor in 0.00 ms.
Mono: successfully reloaded assembly
- Completed reload, in  1.847 seconds
Platform modules already initialized, skipping
Refreshing native plugins compatible for Editor in 0.88 ms, found 3 plugins.
Preloading 0 native plugins for Editor in 0.00 ms.
Unloading 2084 Unused Serialized files (Serialized files now loaded: 0)
System memory in use before: 97.7 MB.
System memory in use after: 97.7 MB.

Unloading 21 unused Assets to reduce memory usage. Loaded Objects now: 2625.
Total: 3.491299 ms (FindLiveObjects: 0.263722 ms CreateObjectMapping: 0.094154 ms MarkObjects: 2.954038 ms  DeleteObjects: 0.176707 ms)

========================================================================
Received Import Request.
  Time since last request: 12.943277 seconds.
  path: Assets/Prefabs/Triple Laser.prefab
  artifactKey: Guid(2c2f8455fd75cd8469a3bdd2f1f93b47) Importer(815301076,1909f56bfc062723c751e8b465ee728b)
Start importing Assets/Prefabs/Triple Laser.prefab using Guid(2c2f8455fd75cd8469a3bdd2f1f93b47) Importer(815301076,1909f56bfc062723c751e8b465ee728b)  -> (artifact id: '57f26aa8c2ce76df1e642717fe1f14b4') in 0.108896 seconds
  Import took 0.118198 seconds .

========================================================================
Received Import Request.
  Time since last request: 0.020227 seconds.
  path: Assets/Prefabs/Triple Laser.prefab
  artifactKey: Guid(2c2f8455fd75cd8469a3bdd2f1f93b47) Importer(815301076,1909f56bfc062723c751e8b465ee728b)
Start importing Assets/Prefabs/Triple Laser.prefab using Guid(2c2f8455fd75cd8469a3bdd2f1f93b47) Importer(815301076,1909f56bfc062723c751e8b465ee728b)  -> (artifact id: '57f26aa8c2ce76df1e642717fe1f14b4') in 0.029739 seconds
  Import took 0.036566 seconds .

========================================================================
Received Prepare
Registering precompiled user dll's ...
Registered in 0.008298 seconds.
Begin MonoManager ReloadAssembly
Native extension for WindowsStandalone target not found
Native extension for WebGL target not found
Refreshing native plugins compatible for Editor in 0.83 ms, found 3 plugins.
Preloading 0 native plugins for Editor in 0.00 ms.
Mono: successfully reloaded assembly
- Completed reload, in  1.721 seconds
Platform modules already initialized, skipping
Refreshing native plugins compatible for Editor in 0.84 ms, found 3 plugins.
Preloading 0 native plugins for Editor in 0.00 ms.
Unloading 2084 Unused Serialized files (Serialized files now loaded: 0)
System memory in use before: 97.7 MB.
System memory in use after: 97.7 MB.

Unloading 21 unused Assets to reduce memory usage. Loaded Objects now: 2630.
Total: 3.775993 ms (FindLiveObjects: 0.257028 ms CreateObjectMapping: 0.099955 ms MarkObjects: 3.219991 ms  DeleteObjects: 0.197233 ms)

========================================================================
Received Prepare
Registering precompiled user dll's ...
Registered in 0.006534 seconds.
Begin MonoManager ReloadAssembly
Native extension for WindowsStandalone target not found
Native extension for WebGL target not found
Refreshing native plugins compatible for Editor in 0.86 ms, found 3 plugins.
Preloading 0 native plugins for Editor in 0.00 ms.
Mono: successfully reloaded assembly
- Completed reload, in  1.662 seconds
Platform modules already initialized, skipping
Refreshing native plugins compatible for Editor in 0.86 ms, found 3 plugins.
Preloading 0 native plugins for Editor in 0.00 ms.
Unloading 2084 Unused Serialized files (Serialized files now loaded: 0)
System memory in use before: 97.7 MB.
System memory in use after: 97.7 MB.

Unloading 21 unused Assets to reduce memory usage. Loaded Objects now: 2634.
Total: 3.543507 ms (FindLiveObjects: 0.267738 ms CreateObjectMapping: 0.099955 ms MarkObjects: 2.975011 ms  DeleteObjects: 0.198572 ms)

========================================================================
Received Prepare
Registering precompiled user dll's ...
Registered in 0.069112 seconds.
Begin MonoManager ReloadAssembly
Native extension for WindowsStandalone target not found
Native extension for WebGL target not found
Refreshing native plugins compatible for Editor in 0.98 ms, found 3 plugins.
Preloading 0 native plugins for Editor in 0.00 ms.
[ScriptCompilation] NOT recompiling all scripts because this is an import worker process. Reason to compile was: Define symbols changed
Mono: successfully reloaded assembly
- Completed reload, in  2.513 seconds
Platform modules already initialized, skipping
Refreshing native plugins compatible for Editor in 1.03 ms, found 3 plugins.
Preloading 0 native plugins for Editor in 0.00 ms.
Unloading 2204 Unused Serialized files (Serialized files now loaded: 0)
System memory in use before: 105.4 MB.
System memory in use after: 103.6 MB.

Unloading 48 unused Assets to reduce memory usage. Loaded Objects now: 2731.
Total: 5.138777 ms (FindLiveObjects: 0.323070 ms CreateObjectMapping: 0.133423 ms MarkObjects: 3.556894 ms  DeleteObjects: 1.123159 ms)

========================================================================
Received Import Request.
  Time since last request: 2015.374005 seconds.
  path: Assets/Post Processing
  artifactKey: Guid(c9143d28db627af47b68bc02d44dd542) Importer(815301076,1909f56bfc062723c751e8b465ee728b)
Start importing Assets/Post Processing using Guid(c9143d28db627af47b68bc02d44dd542) Importer(815301076,1909f56bfc062723c751e8b465ee728b)  -> (artifact id: 'c782034a89f2b017a77fa143f58e3561') in 0.024132 seconds
  Import took 0.031470 seconds .

========================================================================
Received Import Request.
  Time since last request: 18.587585 seconds.
  path: Assets/Post Processing/New Post-processing Profile.asset
  artifactKey: Guid(925dcfd5b6eb36e47a6699a5cde35032) Importer(815301076,1909f56bfc062723c751e8b465ee728b)
Start importing Assets/Post Processing/New Post-processing Profile.asset using Guid(925dcfd5b6eb36e47a6699a5cde35032) Importer(815301076,1909f56bfc062723c751e8b465ee728b)  -> (artifact id: 'bf9cfc871646d5041238a61853a169c0') in 0.040759 seconds
  Import took 0.047581 seconds .

========================================================================
Received Import Request.
  Time since last request: 12.045645 seconds.
  path: Assets/Post Processing/Space.asset
  artifactKey: Guid(925dcfd5b6eb36e47a6699a5cde35032) Importer(815301076,1909f56bfc062723c751e8b465ee728b)
Start importing Assets/Post Processing/Space.asset using Guid(925dcfd5b6eb36e47a6699a5cde35032) Importer(815301076,1909f56bfc062723c751e8b465ee728b)  -> (artifact id: '5a2dfdb73d226cbbcc317acd5c93cc4d') in 0.019584 seconds
  Import took 0.026797 seconds .

========================================================================
Received Import Request.
  Time since last request: 572.696405 seconds.
  path: ProjectSettings/TagManager.asset
  artifactKey: Guid(00000000000000003000000000000000) Importer(815301076,1909f56bfc062723c751e8b465ee728b)
Start importing ProjectSettings/TagManager.asset using Guid(00000000000000003000000000000000) Importer(815301076,1909f56bfc062723c751e8b465ee728b)  -> (artifact id: 'a612d741157ae5d31555eaa529a8b046') in 0.016729 seconds
  Import took 0.025286 seconds .

========================================================================
Received Prepare
Registering precompiled user dll's ...
Registered in 0.008218 seconds.
Begin MonoManager ReloadAssembly
Native extension for WindowsStandalone target not found
Native extension for WebGL target not found
Refreshing native plugins compatible for Editor in 1.00 ms, found 3 plugins.
Preloading 0 native plugins for Editor in 0.00 ms.
Mono: successfully reloaded assembly
- Completed reload, in  2.243 seconds
Platform modules already initialized, skipping
Refreshing native plugins compatible for Editor in 0.96 ms, found 3 plugins.
Preloading 0 native plugins for Editor in 0.00 ms.
Unloading 2204 Unused Serialized files (Serialized files now loaded: 0)
System memory in use before: 105.4 MB.
System memory in use after: 103.6 MB.

Unloading 49 unused Assets to reduce memory usage. Loaded Objects now: 2735.
Total: 5.439536 ms (FindLiveObjects: 0.461847 ms CreateObjectMapping: 0.145917 ms MarkObjects: 3.552878 ms  DeleteObjects: 1.276216 ms)

========================================================================
Received Prepare
Registering precompiled user dll's ...
Registered in 0.006912 seconds.
Begin MonoManager ReloadAssembly
Native extension for WindowsStandalone target not found
Native extension for WebGL target not found
Refreshing native plugins compatible for Editor in 1.22 ms, found 3 plugins.
Preloading 0 native plugins for Editor in 0.00 ms.
Mono: successfully reloaded assembly
- Completed reload, in  1.979 seconds
Platform modules already initialized, skipping
Refreshing native plugins compatible for Editor in 0.98 ms, found 3 plugins.
Preloading 0 native plugins for Editor in 0.00 ms.
Unloading 2204 Unused Serialized files (Serialized files now loaded: 0)
System memory in use before: 105.4 MB.
System memory in use after: 103.6 MB.

Unloading 48 unused Assets to reduce memory usage. Loaded Objects now: 2739.
Total: 6.970103 ms (FindLiveObjects: 0.298527 ms CreateObjectMapping: 0.117805 ms MarkObjects: 5.346274 ms  DeleteObjects: 1.204373 ms)

========================================================================
Received Import Request.
  Time since last request: 2539.861700 seconds.
  path: Assets/Prefabs/Player.prefab
  artifactKey: Guid(ea809aba66d9f0f49b9a10ac9cfc68fb) Importer(815301076,1909f56bfc062723c751e8b465ee728b)
Start importing Assets/Prefabs/Player.prefab using Guid(ea809aba66d9f0f49b9a10ac9cfc68fb) Importer(815301076,1909f56bfc062723c751e8b465ee728b)  -> (artifact id: '6dd6be7c631f69ddd0818be48e0bb8d6') in 0.172330 seconds
  Import took 0.180743 seconds .

========================================================================
Received Prepare
Registering precompiled user dll's ...
Registered in 0.006615 seconds.
Begin MonoManager ReloadAssembly
Native extension for WindowsStandalone target not found
Native extension for WebGL target not found
Refreshing native plugins compatible for Editor in 0.98 ms, found 3 plugins.
Preloading 0 native plugins for Editor in 0.00 ms.
Mono: successfully reloaded assembly
- Completed reload, in  2.140 seconds
Platform modules already initialized, skipping
Refreshing native plugins compatible for Editor in 0.98 ms, found 3 plugins.
Preloading 0 native plugins for Editor in 0.00 ms.
Unloading 2204 Unused Serialized files (Serialized files now loaded: 0)
System memory in use before: 105.4 MB.
System memory in use after: 103.7 MB.

Unloading 48 unused Assets to reduce memory usage. Loaded Objects now: 2744.
Total: 5.547523 ms (FindLiveObjects: 0.376618 ms CreateObjectMapping: 0.134761 ms MarkObjects: 3.496653 ms  DeleteObjects: 1.534583 ms)

========================================================================
Received Import Request.
  Time since last request: 13.558959 seconds.
  path: Assets/Prefabs/Player.prefab
  artifactKey: Guid(ea809aba66d9f0f49b9a10ac9cfc68fb) Importer(815301076,1909f56bfc062723c751e8b465ee728b)
Start importing Assets/Prefabs/Player.prefab using Guid(ea809aba66d9f0f49b9a10ac9cfc68fb) Importer(815301076,1909f56bfc062723c751e8b465ee728b)  -> (artifact id: '55c096f7a5501caf7c2bc57cbe584ac5') in 0.135461 seconds
  Import took 0.145638 seconds .

========================================================================
Received Prepare
Registering precompiled user dll's ...
Registered in 0.006586 seconds.
Begin MonoManager ReloadAssembly
Native extension for WindowsStandalone target not found
Native extension for WebGL target not found
Refreshing native plugins compatible for Editor in 0.98 ms, found 3 plugins.
Preloading 0 native plugins for Editor in 0.00 ms.
Mono: successfully reloaded assembly
- Completed reload, in  2.235 seconds
Platform modules already initialized, skipping
Refreshing native plugins compatible for Editor in 0.95 ms, found 3 plugins.
Preloading 0 native plugins for Editor in 0.00 ms.
Unloading 2204 Unused Serialized files (Serialized files now loaded: 0)
System memory in use before: 105.4 MB.
System memory in use after: 103.7 MB.

Unloading 48 unused Assets to reduce memory usage. Loaded Objects now: 2749.
Total: 5.259705 ms (FindLiveObjects: 0.346274 ms CreateObjectMapping: 0.132976 ms MarkObjects: 3.597055 ms  DeleteObjects: 1.180277 ms)

AssetImportWorkerClient::OnTransportError - code=2 error=End of file
